<?xml version="1.0" encoding="UTF-8"?>
<!-- Generated by org.testng.reporters.JUnitXMLReporter -->
<testsuite hostname="LAPTOP-CP7G377U" ignored="0" name="Default test(failed)(failed)" tests="5" failures="0" timestamp="2021-06-09T17:10:24 IST" time="0.139" errors="0">
  <testcase name="@BeforeTest setUp" time="-1.623238824681E9" classname="com.suycorp.tests.EmpTests">
    <failure type="org.testng.TestNGException" message="
Parameter &amp;apos;browser&amp;apos; is required by BeforeTest on method setUp but has not been marked @Optional or defined
in C:\Users\Tiaa User\eclipse-workspace\OrangeHrmDemo\test-output\testng-failed.xml">
      <![CDATA[org.testng.TestNGException: 
Parameter 'browser' is required by BeforeTest on method setUp but has not been marked @Optional or defined
in C:\Users\Tiaa User\eclipse-workspace\OrangeHrmDemo\test-output\testng-failed.xml
... Removed 21 stack frames]]>
    </failure>
  </testcase> <!-- @BeforeTest setUp -->
  <testcase name="@AfterTest closeSession" time="-1.623238824807E9" classname="com.suycorp.tests.EmpTests">
    <skipped/>
  </testcase> <!-- @AfterTest closeSession -->
  <testcase name="login" time="0.0" classname="com.suycorp.tests.EmpTests">
    <skipped/>
  </testcase> <!-- login -->
  <testcase name="addEmps" time="0.0" classname="com.suycorp.tests.EmpTests">
    <skipped/>
  </testcase> <!-- addEmps -->
  <testcase name="editAddedEmpAndVerify" time="0.0" classname="com.suycorp.tests.EmpTests">
    <skipped/>
  </testcase> <!-- editAddedEmpAndVerify -->
  <testcase name="delAddedEmps" time="0.0" classname="com.suycorp.tests.EmpTests">
    <skipped/>
  </testcase> <!-- delAddedEmps -->
  <testcase name="delMultiEmp" time="0.0" classname="com.suycorp.tests.EmpTests">
    <skipped/>
  </testcase> <!-- delMultiEmp -->
</testsuite> <!-- Default test(failed)(failed) -->
